2020-07-19 18:33:59,427 - pyswarms.single.global_best - INFO - Optimize for 100 iters with {'c1': 0.5, 'c2': 0.3, 'w': 0.9}
2020-07-19 18:40:59,063 - pyswarms.single.global_best - INFO - Optimize for 100 iters with {'c1': 0.5, 'c2': 0.3, 'w': 0.9}
2020-07-19 18:41:46,687 - pyswarms.single.global_best - INFO - Optimize for 100 iters with {'c1': 0.5, 'c2': 0.3, 'w': 0.9}
2020-07-19 18:49:28,080 - pyswarms.single.global_best - INFO - Optimize for 100 iters with {'c1': 0.5, 'c2': 0.3, 'w': 0.9}
2020-07-19 18:49:59,488 - pyswarms.single.global_best - INFO - Optimize for 100 iters with {'c1': 0.5, 'c2': 0.3, 'w': 0.9}
2020-07-19 18:50:33,426 - pyswarms.single.global_best - INFO - Optimize for 100 iters with {'c1': 0.5, 'c2': 0.3, 'w': 0.9}
2020-07-19 18:51:14,428 - pyswarms.single.global_best - INFO - Optimization finished | best cost: 129776.1590927059, best pos: [ 6.07868540e-01  2.09206157e-01  2.36558855e-01 -8.08214867e-02
  1.09970523e+00  2.58957179e-01  1.92319734e-01 -2.95444047e-01
  6.06410626e-01  7.12793259e-01  5.05266188e-01 -1.74175024e-01
  1.09648506e+00 -1.03147922e-02 -6.01078190e-01  5.60221760e-01
 -9.34181512e-01 -1.80550752e-02 -2.98468282e-01 -3.14950718e-01
  1.62577854e+00  9.32258403e-01 -2.70794427e-01 -2.14534296e-01
 -6.45274653e-01  4.98109167e-01  1.16928894e-01 -7.87044186e-01
  6.27351151e-01  7.58813441e-01  3.37462472e-01 -4.39669352e-02
  6.62362331e-01  2.35021508e-01 -9.05514779e-01 -2.21170903e-01
  7.71159922e-01  4.69851726e-01  1.72335129e-01 -5.26200968e-01
 -2.16197323e-01  6.97577826e-01  9.00090685e-01 -7.35484308e-01
 -7.12501180e-01 -1.27278560e+00 -1.32438524e+00 -1.13390706e+00
  7.36431381e-01 -3.05836061e-01 -3.57886643e-01 -8.03296112e-01
 -1.62331069e-01 -8.57973687e-01  3.32365646e-01  2.40457846e-01
  1.40240222e-01 -4.22272352e-01  1.75469443e+00 -1.86193249e-01
  2.49899817e-02 -9.89766499e-01  6.84238137e-01  8.92506148e-02
  7.97226501e-01  3.45155649e-01 -2.74142993e-01  6.87611770e-01
 -3.99378416e-01  9.47636916e-01  5.66564431e-01 -1.70514768e-01
 -4.62237521e-01 -2.46181157e-03  9.46947297e-01  2.06655276e-01
  3.39178347e-01  9.29425132e-01  8.64480523e-01  4.03502669e-01
 -1.37044630e+00 -4.21649757e-02  1.86825357e+00  3.17461713e-01
 -5.78973212e-02  1.25562209e+00  3.88995655e-01  3.58556297e-01
  2.48425759e-01  1.32864445e+00  6.05190236e-01  7.20961395e-01
  1.72377230e-01  1.06929478e+00  6.22083560e-01  8.74981581e-01
 -6.59524426e-01  2.57686298e+00 -8.93631121e-01 -4.88431621e-01
  6.74991588e-01  8.99737962e-01  6.82111902e-01  3.65533525e-01
  1.54600745e+00]
2020-07-19 18:53:21,377 - pyswarms.single.global_best - INFO - Optimize for 100 iters with {'c1': 0.5, 'c2': 0.3, 'w': 0.9}
2020-07-19 18:53:21,441 - pyswarms.single.global_best - INFO - Optimization finished | best cost: 1.1780702800982354e-07, best pos: [ 0.0003205  -0.00012282]
2020-07-19 18:53:39,465 - pyswarms.single.global_best - INFO - Optimize for 100 iters with {'c1': 0.5, 'c2': 0.3, 'w': 0.9}
2020-07-19 18:53:39,499 - pyswarms.single.global_best - INFO - Optimization finished | best cost: 1.1780702800982354e-07, best pos: [ 0.0003205  -0.00012282]
2020-07-19 18:53:41,821 - pyswarms.single.global_best - INFO - Optimize for 100 iters with {'c1': 0.5, 'c2': 0.3, 'w': 0.9}
2020-07-19 18:54:22,595 - pyswarms.single.global_best - INFO - Optimization finished | best cost: 119265.36273643715, best pos: [ 1.20277094  1.12469947  0.2907565  -0.25703637  1.73616492  1.28203255
  0.04319264  0.43351019 -0.97125455  2.94271478  1.87321456  1.37042435
  1.0166227  -0.41045636  0.13781814  1.55489602  1.64236818  1.09841462
  1.86169563  0.67717828  1.46156403  0.09545755  1.15625013 -0.53011541
  0.49962366  1.04004203  3.31054395 -0.44719024  2.19378029  1.44107563
  2.15905661 -0.75952994  2.22072027  1.38540817 -0.17903092  1.28654272
 -0.34602794  2.23395817  0.11128653  1.191977    1.76915599  1.61974341
 -0.4859991   1.08357273  1.2006592  -0.12664448  0.7104172  -1.22361703
  2.58278048  1.21793237 -0.06670911 -0.14121678  0.57445695 -0.06866184
 -0.51820263  1.06858052 -0.47110292  2.48608596  1.56440344  1.34707508
  0.19429427  0.97703273  2.04680434  1.13845572  1.76966592  1.84672889
  0.29676519 -0.42267007  4.70413692  0.27929755  0.69434416 -0.25248333
  0.2045608   2.11260575  0.19220368 -0.62072866  4.82097455  2.33943224
  1.60050658  1.17725974  2.35049953  0.70402126  3.70986882  2.95874027
  0.69637168  1.46921569  0.12410454  1.30753738  1.92218728  0.03496689
  0.54441183  0.56382408  2.42757454  0.29873055  0.22733891  2.19641143
 -0.47994553  1.55170908  2.94026298  0.55198674  1.02752811  3.20550431
  1.83602784  1.61966558  1.6632861 ]
2020-07-19 18:56:35,586 - pyswarms.single.global_best - INFO - Optimize for 100 iters with {'c1': 0.5, 'c2': 0.3, 'w': 0.9}
2020-07-19 18:56:35,620 - pyswarms.single.global_best - INFO - Optimization finished | best cost: 1.1780702800982354e-07, best pos: [ 0.0003205  -0.00012282]
2020-07-19 18:57:55,402 - pyswarms.single.global_best - INFO - Optimize for 100 iters with {'c1': 0.5, 'c2': 0.3, 'w': 0.9}
2020-07-19 18:57:55,438 - pyswarms.single.global_best - INFO - Optimization finished | best cost: 1.1780702800982354e-07, best pos: [ 0.0003205  -0.00012282]
2020-07-19 18:57:57,675 - pyswarms.backend.generators - ERROR - Bounds and/or init_pos should be of size (105,)
Traceback (most recent call last):
  File "/home/francisco/Escritorio/TFG-DeepLearning-StockMarket/venv/lib/python3.6/site-packages/pyswarms/backend/generators.py", line 82, in generate_swarm
    low=min_bounds, high=max_bounds, size=(n_particles, dimensions)
  File "mtrand.pyx", line 1323, in mtrand.RandomState.uniform
  File "mtrand.pyx", line 265, in mtrand.cont2_array
ValueError: shape mismatch: objects cannot be broadcast to a single shape
2020-07-19 18:58:26,542 - pyswarms.single.global_best - INFO - Optimize for 100 iters with {'c1': 0.5, 'c2': 0.3, 'w': 0.9}
2020-07-19 18:58:26,650 - pyswarms.single.global_best - INFO - Optimization finished | best cost: 1.1780702800982354e-07, best pos: [ 0.0003205  -0.00012282]
2020-07-19 18:58:45,668 - pyswarms.single.global_best - INFO - Optimize for 100 iters with {'c1': 0.5, 'c2': 0.3, 'w': 0.9}
2020-07-19 18:58:45,704 - pyswarms.single.global_best - INFO - Optimization finished | best cost: 1.1780702800982354e-07, best pos: [ 0.0003205  -0.00012282]
2020-07-19 18:58:47,954 - pyswarms.single.global_best - INFO - Optimize for 100 iters with {'c1': 0.5, 'c2': 0.3, 'w': 0.9}
2020-07-19 19:04:40,094 - pyswarms.single.global_best - INFO - Optimize for 100 iters with {'c1': 0.5, 'c2': 0.3, 'w': 0.9}
2020-07-19 19:04:40,151 - pyswarms.single.global_best - INFO - Optimization finished | best cost: 1.1780702800982354e-07, best pos: [ 0.0003205  -0.00012282]
2020-07-19 19:05:04,123 - pyswarms.single.global_best - INFO - Optimize for 100 iters with {'c1': 0.5, 'c2': 0.3, 'w': 0.9}
2020-07-19 19:05:04,178 - pyswarms.single.global_best - INFO - Optimization finished | best cost: 1.1780702800982354e-07, best pos: [ 0.0003205  -0.00012282]
2020-07-19 19:05:08,190 - pyswarms.single.global_best - INFO - Optimize for 100 iters with {'c1': 0.5, 'c2': 0.3, 'w': 0.9}
2020-07-19 19:06:57,851 - pyswarms.single.global_best - INFO - Optimization finished | best cost: -170580.4833464408, best pos: [ 0.91500483 -0.88912102 -0.11788287 -0.2685059  -0.90496091 -0.28452428
 -0.63177062  0.55676781 -0.48220911  0.96484228 -0.25302692 -0.30650358
  0.42508189 -0.44506677 -0.24571592  0.37822609 -0.96368645 -0.02762948
  0.73365894  0.24543881  0.88117246  0.43625067  0.9637524  -0.58476922
 -0.55099345 -0.77264381 -0.06019793  0.51180939 -0.07669353 -0.90821867
  0.62308443 -0.26673799  0.15540074  0.23307772 -0.59821464 -0.20094811
 -0.79577493 -0.52159686 -0.22931523  0.39268448 -0.68004657  0.63596643
 -0.55148612 -0.94633312  0.90505226  0.22133699 -0.26262738 -0.85018629
 -0.92340708 -0.81889603  0.1992609  -0.41980189  0.6414383  -0.51570249
  0.56439519  0.58248587  0.91638228 -0.91033463 -0.7048525   0.35056208
  0.85651109 -0.80349776  0.87783893  0.3521697  -0.9234709  -0.80478841
 -0.81525445 -0.26843857 -0.48113165  0.66118985  0.70314335  0.82961394
 -0.00500013 -0.17750107  0.73471588  0.00859655  0.6811475   0.44038744
  0.19257158 -0.28707945 -0.51398547 -0.01614674  0.97656356  0.09092821
 -0.23172238  0.2223744  -0.92185498 -0.92841702 -0.2778837  -0.4310755
  0.6530162  -0.58818134 -0.46525616 -0.13693264 -0.18323923  0.46798706
 -0.05606623 -0.29647215  0.96703616 -0.55483524  0.38484571 -0.24323727
  0.12662637 -0.61466091 -0.39342973]
2020-07-19 19:18:05,657 - pyswarms.single.global_best - INFO - Optimize for 100 iters with {'c1': 0.5, 'c2': 0.3, 'w': 0.9}
2020-07-19 19:19:33,631 - pyswarms.single.global_best - INFO - Optimization finished | best cost: -237442.75710070995, best pos: [-0.03949677  0.64653158 -0.13503931 -0.7676187  -0.07285342 -0.16777305
  0.14321495 -0.03232243  0.15749501  0.07994634  0.81598584  0.05544447
  0.1972852  -0.46389111 -0.08851234  0.39894718 -0.64029224 -0.91229778
 -0.64148626  0.91557881 -0.04672861  0.0743764  -0.63414962  0.64049256
  0.18588288 -0.54677567 -0.51978044  0.40621858 -0.00173102 -0.01196637
  0.11097783 -0.13678683  0.07315964  0.3226773  -0.29711643 -0.27713166
  0.22278343  0.16521561  0.65208722 -0.23782642  0.32643157 -0.16766822
  0.25772919 -0.08941587 -0.3724696  -0.03802956  0.13979117 -0.70649124
  0.00175365 -0.780504   -0.41011003  0.2096063  -0.21099098 -0.03221225
  0.02176311  0.33496399  0.20239915 -0.68302119  0.04320565 -0.37786458
  0.61878686 -0.12425876 -0.30891467  0.33874892  0.47913995  0.04061195
  0.21108306  0.21164608 -0.13172256  0.09943043  0.06224502 -0.85653867
 -0.51677951 -0.220513    0.03647424  0.38742507  0.4677944  -0.23317516
  0.06564341  0.75530334 -0.14285621 -0.03495531 -0.33770013 -0.42295308
  0.18798533  0.11342046  0.1753428  -0.08565741 -0.07653653 -0.06848266
 -0.46944068 -0.23483769  0.00608757  0.2914821   0.00238459  0.54832915
  0.64889247  0.118598   -0.53710835 -0.60056808 -0.12021165  0.30134456
  0.86001295  0.14645513 -0.08586687]
2020-07-20 01:15:12,043 - pyswarms.single.global_best - INFO - Optimize for 100 iters with {'c1': 0.5, 'c2': 0.3, 'w': 0.9}
2020-07-20 01:16:33,999 - pyswarms.single.global_best - INFO - Optimization finished | best cost: -237442.75710070995, best pos: [-0.03949677  0.64653158 -0.13503931 -0.7676187  -0.07285342 -0.16777305
  0.14321495 -0.03232243  0.15749501  0.07994634  0.81598584  0.05544447
  0.1972852  -0.46389111 -0.08851234  0.39894718 -0.64029224 -0.91229778
 -0.64148626  0.91557881 -0.04672861  0.0743764  -0.63414962  0.64049256
  0.18588288 -0.54677567 -0.51978044  0.40621858 -0.00173102 -0.01196637
  0.11097783 -0.13678683  0.07315964  0.3226773  -0.29711643 -0.27713166
  0.22278343  0.16521561  0.65208722 -0.23782642  0.32643157 -0.16766822
  0.25772919 -0.08941587 -0.3724696  -0.03802956  0.13979117 -0.70649124
  0.00175365 -0.780504   -0.41011003  0.2096063  -0.21099098 -0.03221225
  0.02176311  0.33496399  0.20239915 -0.68302119  0.04320565 -0.37786458
  0.61878686 -0.12425876 -0.30891467  0.33874892  0.47913995  0.04061195
  0.21108306  0.21164608 -0.13172256  0.09943043  0.06224502 -0.85653867
 -0.51677951 -0.220513    0.03647424  0.38742507  0.4677944  -0.23317516
  0.06564341  0.75530334 -0.14285621 -0.03495531 -0.33770013 -0.42295308
  0.18798533  0.11342046  0.1753428  -0.08565741 -0.07653653 -0.06848266
 -0.46944068 -0.23483769  0.00608757  0.2914821   0.00238459  0.54832915
  0.64889247  0.118598   -0.53710835 -0.60056808 -0.12021165  0.30134456
  0.86001295  0.14645513 -0.08586687]
2020-07-20 01:18:16,779 - pyswarms.single.global_best - INFO - Optimize for 100 iters with {'c1': 0.5, 'c2': 0.3, 'w': 0.9}
2020-07-20 01:19:34,837 - pyswarms.single.global_best - INFO - Optimization finished | best cost: -237442.75710070995, best pos: [-0.03949677  0.64653158 -0.13503931 -0.7676187  -0.07285342 -0.16777305
  0.14321495 -0.03232243  0.15749501  0.07994634  0.81598584  0.05544447
  0.1972852  -0.46389111 -0.08851234  0.39894718 -0.64029224 -0.91229778
 -0.64148626  0.91557881 -0.04672861  0.0743764  -0.63414962  0.64049256
  0.18588288 -0.54677567 -0.51978044  0.40621858 -0.00173102 -0.01196637
  0.11097783 -0.13678683  0.07315964  0.3226773  -0.29711643 -0.27713166
  0.22278343  0.16521561  0.65208722 -0.23782642  0.32643157 -0.16766822
  0.25772919 -0.08941587 -0.3724696  -0.03802956  0.13979117 -0.70649124
  0.00175365 -0.780504   -0.41011003  0.2096063  -0.21099098 -0.03221225
  0.02176311  0.33496399  0.20239915 -0.68302119  0.04320565 -0.37786458
  0.61878686 -0.12425876 -0.30891467  0.33874892  0.47913995  0.04061195
  0.21108306  0.21164608 -0.13172256  0.09943043  0.06224502 -0.85653867
 -0.51677951 -0.220513    0.03647424  0.38742507  0.4677944  -0.23317516
  0.06564341  0.75530334 -0.14285621 -0.03495531 -0.33770013 -0.42295308
  0.18798533  0.11342046  0.1753428  -0.08565741 -0.07653653 -0.06848266
 -0.46944068 -0.23483769  0.00608757  0.2914821   0.00238459  0.54832915
  0.64889247  0.118598   -0.53710835 -0.60056808 -0.12021165  0.30134456
  0.86001295  0.14645513 -0.08586687]
2020-07-20 01:23:12,566 - pyswarms.single.global_best - INFO - Optimize for 100 iters with {'c1': 0.5, 'c2': 0.3, 'w': 0.9}
2020-07-20 01:24:38,266 - pyswarms.single.global_best - INFO - Optimization finished | best cost: -149838.75606064106, best pos: [ 0.05008074 -0.19666719  0.45404081  0.03363401  0.48119829  0.24788776
 -0.06633075 -0.08895916 -0.45861379  0.04107066 -0.20486729  0.25717023
  0.33223937 -0.72032739  0.00603105  0.26108677 -0.27551131 -0.95558522
  0.53219407 -0.29643075  0.515599   -0.46795688  0.29297852 -0.78292474
 -0.309431   -0.08012463 -0.18487608 -0.45088059  0.54543822 -0.05462727
  0.08262762 -0.47701329  0.20338303  0.18729386 -0.02660917  0.21704323
  0.57248606  0.22444011 -0.10713443 -0.45663915 -0.18728986  0.90140408
  0.83843955  0.2121607   0.74707913  0.03557638  0.10510514 -0.26076089
 -0.00591447 -0.07670782 -0.21493211  0.2367069   0.14497591 -0.36835771
 -0.1107651  -0.04120063  0.04999932  0.66821806 -0.09315463  0.22900942
  0.03412075  0.59857871 -0.25060908  0.0934986   0.07736545 -0.39702796
 -0.25773032  0.03710942  0.42643699  0.00224594 -0.55294766 -0.25353013
  0.28108947  0.18495612  0.1031475  -0.04616043  0.27263175  0.01858377
 -0.1776793   0.46071061  0.29564279 -0.22321563  0.69266604  0.26892432
  0.39485228  0.15248328 -0.74071403  0.95011761 -0.47148468  0.21691953
 -0.27649692 -0.03754689 -0.31900008 -0.28082906  0.43676406  0.33329509
 -0.78143052 -0.3564964   0.13207241 -0.02796939  0.12694671  0.76374697
 -0.08275255  0.09246468  0.48330127]
2020-07-20 13:23:55,273 - pyswarms.single.global_best - INFO - Optimize for 100 iters with {'c1': 0.5, 'c2': 0.3, 'w': 0.9}
2020-07-20 13:25:01,397 - pyswarms.single.global_best - INFO - Optimize for 100 iters with {'c1': 0.5, 'c2': 0.3, 'w': 0.9}
2020-07-20 13:27:49,970 - pyswarms.single.global_best - INFO - Optimization finished | best cost: -193759.1324382717, best pos: [ 0.2641921   0.5913466   0.4119319   0.75673182 -0.19101204  0.55154423
 -0.17378366 -0.07681276  0.05105121  0.85902615  0.25026232  0.70256988
 -0.80101554 -0.46205576 -0.1607656   0.48463613  0.15381302  0.25179538
 -0.13568829 -0.24972583 -0.9899506   0.18187165  0.02077881 -0.34513129
 -0.03889379 -0.34152041 -0.30249704 -0.40201798  0.29191751 -0.05095017
 -0.54216054  0.50641248  0.02238785  0.74899996  0.21379051  0.896851
  0.5218778  -0.22340425 -0.36663824 -0.17626158 -0.24787149  0.68385171
 -0.81151748  0.3087825   0.60434027 -0.09682345 -0.60844894 -0.11536356
 -0.80480904 -0.02031123  0.18447905  0.4236306   0.23453869  0.44705954
 -0.48259706  0.65314605  0.47829617 -0.36398052 -0.42949977 -0.38217817
 -0.15604626 -0.54235985 -0.24346602 -0.87121955 -0.34312515  0.2320705
 -0.28087563  0.39427881 -0.50243196  0.04329099  0.22501675  0.12092566
  0.01319109 -0.74643653  0.12553731 -0.1613081   0.32246329 -0.09204676
 -0.33178995  0.22555548  0.5104994  -0.86644762 -0.47810974  0.09407487
  0.30590557  0.53191983  0.33853064  0.99749797 -0.24510778 -0.27777517
 -0.22246451 -0.31009785 -0.42114827  0.27721086  0.7369695  -0.05584413
  0.13972367 -0.5320368   0.01785061  0.5668788  -0.11472265 -0.57879319
 -0.52924695 -0.00818285  0.35893442]
2020-07-20 13:30:29,938 - pyswarms.single.global_best - INFO - Optimize for 100 iters with {'c1': 0.5, 'c2': 0.3, 'w': 0.9}
2020-07-20 13:34:06,112 - pyswarms.single.global_best - INFO - Optimization finished | best cost: -193759.1324382717, best pos: [ 0.2641921   0.5913466   0.4119319   0.75673182 -0.19101204  0.55154423
 -0.17378366 -0.07681276  0.05105121  0.85902615  0.25026232  0.70256988
 -0.80101554 -0.46205576 -0.1607656   0.48463613  0.15381302  0.25179538
 -0.13568829 -0.24972583 -0.9899506   0.18187165  0.02077881 -0.34513129
 -0.03889379 -0.34152041 -0.30249704 -0.40201798  0.29191751 -0.05095017
 -0.54216054  0.50641248  0.02238785  0.74899996  0.21379051  0.896851
  0.5218778  -0.22340425 -0.36663824 -0.17626158 -0.24787149  0.68385171
 -0.81151748  0.3087825   0.60434027 -0.09682345 -0.60844894 -0.11536356
 -0.80480904 -0.02031123  0.18447905  0.4236306   0.23453869  0.44705954
 -0.48259706  0.65314605  0.47829617 -0.36398052 -0.42949977 -0.38217817
 -0.15604626 -0.54235985 -0.24346602 -0.87121955 -0.34312515  0.2320705
 -0.28087563  0.39427881 -0.50243196  0.04329099  0.22501675  0.12092566
  0.01319109 -0.74643653  0.12553731 -0.1613081   0.32246329 -0.09204676
 -0.33178995  0.22555548  0.5104994  -0.86644762 -0.47810974  0.09407487
  0.30590557  0.53191983  0.33853064  0.99749797 -0.24510778 -0.27777517
 -0.22246451 -0.31009785 -0.42114827  0.27721086  0.7369695  -0.05584413
  0.13972367 -0.5320368   0.01785061  0.5668788  -0.11472265 -0.57879319
 -0.52924695 -0.00818285  0.35893442]
2020-07-20 13:38:09,235 - pyswarms.single.global_best - INFO - Optimize for 10 iters with {'c1': 0.5, 'c2': 0.3, 'w': 0.9}
2020-07-20 13:38:24,433 - pyswarms.single.global_best - INFO - Optimization finished | best cost: -171509.26915041977, best pos: [ 0.24573356  0.2323782  -0.01838649 -0.94444266  0.42600693  0.64952418
 -0.20145563  0.5547898  -0.73992493 -0.25814924  0.63154892 -0.0695844
 -0.9027625  -0.05698001 -0.91263008  0.22837685 -0.00587989  0.20527505
 -0.02839042  0.16394668 -0.69040412  0.070375   -0.48265662 -0.64550534
 -0.16680995  0.19241148  0.87585091 -0.55998256 -0.05952216  0.55485171
  0.86601132  0.5960054   0.49686866  0.50278111  0.90103174 -0.80471475
  0.48885494  0.2445368  -0.68026302 -0.55037238  0.28367086  0.74050961
  0.65607522 -0.20452002  0.78668536  0.78870641 -0.26373861 -0.79676997
  0.82695079  0.05864917  0.14912315 -0.32462244 -0.74323634  0.23317919
  0.17972881 -0.165256   -0.96699846 -0.6354739  -0.32078406  0.24328881
 -0.37491713  0.23323758 -0.46123689  0.44092644 -0.88150547 -0.00427814
  0.79171373  0.38420468 -0.54706845  0.56434206 -0.48911063  0.83304409
 -0.08820519 -0.54337017 -0.83503495 -0.05897688 -0.07838281 -0.15836006
  0.50230897 -0.98562776 -0.48484065 -0.95741826  0.55493581 -0.01568509
 -0.89653348  0.95363482  0.79135076  0.96767437 -0.174617   -0.84925104
  0.18504566 -0.74633499 -0.00943875  0.16496154  0.39512908  0.0171044
  0.22696786 -0.7660748   0.11649067 -0.24552257  0.4215493   0.07045958
  0.4850645   0.12103782 -0.50196801]
2020-07-20 13:40:28,029 - pyswarms.single.global_best - INFO - Optimize for 10 iters with {'c1': 0.5, 'c2': 0.3, 'w': 0.9}
2020-07-20 13:40:44,478 - pyswarms.single.global_best - INFO - Optimization finished | best cost: -171509.26915041977, best pos: [ 0.24573356  0.2323782  -0.01838649 -0.94444266  0.42600693  0.64952418
 -0.20145563  0.5547898  -0.73992493 -0.25814924  0.63154892 -0.0695844
 -0.9027625  -0.05698001 -0.91263008  0.22837685 -0.00587989  0.20527505
 -0.02839042  0.16394668 -0.69040412  0.070375   -0.48265662 -0.64550534
 -0.16680995  0.19241148  0.87585091 -0.55998256 -0.05952216  0.55485171
  0.86601132  0.5960054   0.49686866  0.50278111  0.90103174 -0.80471475
  0.48885494  0.2445368  -0.68026302 -0.55037238  0.28367086  0.74050961
  0.65607522 -0.20452002  0.78668536  0.78870641 -0.26373861 -0.79676997
  0.82695079  0.05864917  0.14912315 -0.32462244 -0.74323634  0.23317919
  0.17972881 -0.165256   -0.96699846 -0.6354739  -0.32078406  0.24328881
 -0.37491713  0.23323758 -0.46123689  0.44092644 -0.88150547 -0.00427814
  0.79171373  0.38420468 -0.54706845  0.56434206 -0.48911063  0.83304409
 -0.08820519 -0.54337017 -0.83503495 -0.05897688 -0.07838281 -0.15836006
  0.50230897 -0.98562776 -0.48484065 -0.95741826  0.55493581 -0.01568509
 -0.89653348  0.95363482  0.79135076  0.96767437 -0.174617   -0.84925104
  0.18504566 -0.74633499 -0.00943875  0.16496154  0.39512908  0.0171044
  0.22696786 -0.7660748   0.11649067 -0.24552257  0.4215493   0.07045958
  0.4850645   0.12103782 -0.50196801]
2020-07-20 13:41:17,983 - pyswarms.single.global_best - INFO - Optimize for 10 iters with {'c1': 0.5, 'c2': 0.3, 'w': 0.9}
2020-07-20 13:41:36,023 - pyswarms.single.global_best - INFO - Optimization finished | best cost: -171509.26915041977, best pos: [ 0.24573356  0.2323782  -0.01838649 -0.94444266  0.42600693  0.64952418
 -0.20145563  0.5547898  -0.73992493 -0.25814924  0.63154892 -0.0695844
 -0.9027625  -0.05698001 -0.91263008  0.22837685 -0.00587989  0.20527505
 -0.02839042  0.16394668 -0.69040412  0.070375   -0.48265662 -0.64550534
 -0.16680995  0.19241148  0.87585091 -0.55998256 -0.05952216  0.55485171
  0.86601132  0.5960054   0.49686866  0.50278111  0.90103174 -0.80471475
  0.48885494  0.2445368  -0.68026302 -0.55037238  0.28367086  0.74050961
  0.65607522 -0.20452002  0.78668536  0.78870641 -0.26373861 -0.79676997
  0.82695079  0.05864917  0.14912315 -0.32462244 -0.74323634  0.23317919
  0.17972881 -0.165256   -0.96699846 -0.6354739  -0.32078406  0.24328881
 -0.37491713  0.23323758 -0.46123689  0.44092644 -0.88150547 -0.00427814
  0.79171373  0.38420468 -0.54706845  0.56434206 -0.48911063  0.83304409
 -0.08820519 -0.54337017 -0.83503495 -0.05897688 -0.07838281 -0.15836006
  0.50230897 -0.98562776 -0.48484065 -0.95741826  0.55493581 -0.01568509
 -0.89653348  0.95363482  0.79135076  0.96767437 -0.174617   -0.84925104
  0.18504566 -0.74633499 -0.00943875  0.16496154  0.39512908  0.0171044
  0.22696786 -0.7660748   0.11649067 -0.24552257  0.4215493   0.07045958
  0.4850645   0.12103782 -0.50196801]
2020-07-20 13:44:43,545 - pyswarms.single.global_best - INFO - Optimize for 10 iters with {'c1': 0.5, 'c2': 0.3, 'w': 0.9}
2020-07-20 13:44:59,383 - pyswarms.single.global_best - INFO - Optimization finished | best cost: -139489.85139862698, best pos: [0.34746467 0.52732222 0.26922689 0.75690532 0.48665422 0.45549125
 0.95455409 0.56080571 0.20454674 0.66342046 0.43613546 0.32552287
 0.37698182 0.02732539 0.61203883 0.32665246 0.61180361 0.82169412
 0.95740105 0.9226649  0.67851387 0.11110304 0.45162341 0.51170058
 0.59920621 0.5558257  0.94586095 0.12766023 0.40713351 0.22936238
 0.56965462 0.27143433 0.54398978 0.77127571 0.58039314 0.52544522
 0.65893048 0.28092816 0.49916895 0.38689401 0.98404382 0.78940446
 0.40546973 0.22033754 0.83800054 0.45870944 0.71117546 0.18837509
 0.25542412 0.33271369 0.51014372 0.50429826 0.02989881 0.58042676
 0.6721166  0.52895092 0.21809722 0.03856686 0.50164696 0.28546771
 0.10785407 0.5460456  0.45595982 0.32883331 0.87252902 0.52587001
 0.98458313 0.7670815  0.23329018 0.39256716 0.07133629 0.33263934
 0.50652855 0.05025707 0.66559687 0.52529561 0.16455996 0.46925693
 0.83062358 0.34535454 0.44520103 0.03177872 0.66073856 0.55904905
 0.60410955 0.42065158 0.45713017 0.36120253 0.37447172 0.37827479
 0.95640614 0.8351506  0.55712128 0.91976428 0.64114641 0.27758059
 0.10254785 0.37549294 0.49189811 0.52503175 0.07295631 0.77161449
 0.21466555 0.62487242 0.44981   ]
2020-07-20 13:46:40,426 - pyswarms.single.global_best - INFO - Optimize for 10 iters with {'c1': 0.5, 'c2': 0.3, 'w': 0.9}
2020-07-20 13:46:56,639 - pyswarms.single.global_best - INFO - Optimization finished | best cost: -171509.26915041977, best pos: [ 0.24573356  0.2323782  -0.01838649 -0.94444266  0.42600693  0.64952418
 -0.20145563  0.5547898  -0.73992493 -0.25814924  0.63154892 -0.0695844
 -0.9027625  -0.05698001 -0.91263008  0.22837685 -0.00587989  0.20527505
 -0.02839042  0.16394668 -0.69040412  0.070375   -0.48265662 -0.64550534
 -0.16680995  0.19241148  0.87585091 -0.55998256 -0.05952216  0.55485171
  0.86601132  0.5960054   0.49686866  0.50278111  0.90103174 -0.80471475
  0.48885494  0.2445368  -0.68026302 -0.55037238  0.28367086  0.74050961
  0.65607522 -0.20452002  0.78668536  0.78870641 -0.26373861 -0.79676997
  0.82695079  0.05864917  0.14912315 -0.32462244 -0.74323634  0.23317919
  0.17972881 -0.165256   -0.96699846 -0.6354739  -0.32078406  0.24328881
 -0.37491713  0.23323758 -0.46123689  0.44092644 -0.88150547 -0.00427814
  0.79171373  0.38420468 -0.54706845  0.56434206 -0.48911063  0.83304409
 -0.08820519 -0.54337017 -0.83503495 -0.05897688 -0.07838281 -0.15836006
  0.50230897 -0.98562776 -0.48484065 -0.95741826  0.55493581 -0.01568509
 -0.89653348  0.95363482  0.79135076  0.96767437 -0.174617   -0.84925104
  0.18504566 -0.74633499 -0.00943875  0.16496154  0.39512908  0.0171044
  0.22696786 -0.7660748   0.11649067 -0.24552257  0.4215493   0.07045958
  0.4850645   0.12103782 -0.50196801]
2020-07-20 13:47:33,898 - pyswarms.single.global_best - INFO - Optimize for 100 iters with {'c1': 0.5, 'c2': 0.3, 'w': 0.9}
2020-07-20 13:50:27,674 - pyswarms.single.global_best - INFO - Optimization finished | best cost: -193759.1324382717, best pos: [ 0.2641921   0.5913466   0.4119319   0.75673182 -0.19101204  0.55154423
 -0.17378366 -0.07681276  0.05105121  0.85902615  0.25026232  0.70256988
 -0.80101554 -0.46205576 -0.1607656   0.48463613  0.15381302  0.25179538
 -0.13568829 -0.24972583 -0.9899506   0.18187165  0.02077881 -0.34513129
 -0.03889379 -0.34152041 -0.30249704 -0.40201798  0.29191751 -0.05095017
 -0.54216054  0.50641248  0.02238785  0.74899996  0.21379051  0.896851
  0.5218778  -0.22340425 -0.36663824 -0.17626158 -0.24787149  0.68385171
 -0.81151748  0.3087825   0.60434027 -0.09682345 -0.60844894 -0.11536356
 -0.80480904 -0.02031123  0.18447905  0.4236306   0.23453869  0.44705954
 -0.48259706  0.65314605  0.47829617 -0.36398052 -0.42949977 -0.38217817
 -0.15604626 -0.54235985 -0.24346602 -0.87121955 -0.34312515  0.2320705
 -0.28087563  0.39427881 -0.50243196  0.04329099  0.22501675  0.12092566
  0.01319109 -0.74643653  0.12553731 -0.1613081   0.32246329 -0.09204676
 -0.33178995  0.22555548  0.5104994  -0.86644762 -0.47810974  0.09407487
  0.30590557  0.53191983  0.33853064  0.99749797 -0.24510778 -0.27777517
 -0.22246451 -0.31009785 -0.42114827  0.27721086  0.7369695  -0.05584413
  0.13972367 -0.5320368   0.01785061  0.5668788  -0.11472265 -0.57879319
 -0.52924695 -0.00818285  0.35893442]
2020-07-20 13:51:28,800 - pyswarms.single.global_best - INFO - Optimize for 100 iters with {'c1': 0.5, 'c2': 0.3, 'w': 0.9}
2020-07-20 13:54:23,517 - pyswarms.single.global_best - INFO - Optimization finished | best cost: -193759.1324382717, best pos: [ 0.2641921   0.5913466   0.4119319   0.75673182 -0.19101204  0.55154423
 -0.17378366 -0.07681276  0.05105121  0.85902615  0.25026232  0.70256988
 -0.80101554 -0.46205576 -0.1607656   0.48463613  0.15381302  0.25179538
 -0.13568829 -0.24972583 -0.9899506   0.18187165  0.02077881 -0.34513129
 -0.03889379 -0.34152041 -0.30249704 -0.40201798  0.29191751 -0.05095017
 -0.54216054  0.50641248  0.02238785  0.74899996  0.21379051  0.896851
  0.5218778  -0.22340425 -0.36663824 -0.17626158 -0.24787149  0.68385171
 -0.81151748  0.3087825   0.60434027 -0.09682345 -0.60844894 -0.11536356
 -0.80480904 -0.02031123  0.18447905  0.4236306   0.23453869  0.44705954
 -0.48259706  0.65314605  0.47829617 -0.36398052 -0.42949977 -0.38217817
 -0.15604626 -0.54235985 -0.24346602 -0.87121955 -0.34312515  0.2320705
 -0.28087563  0.39427881 -0.50243196  0.04329099  0.22501675  0.12092566
  0.01319109 -0.74643653  0.12553731 -0.1613081   0.32246329 -0.09204676
 -0.33178995  0.22555548  0.5104994  -0.86644762 -0.47810974  0.09407487
  0.30590557  0.53191983  0.33853064  0.99749797 -0.24510778 -0.27777517
 -0.22246451 -0.31009785 -0.42114827  0.27721086  0.7369695  -0.05584413
  0.13972367 -0.5320368   0.01785061  0.5668788  -0.11472265 -0.57879319
 -0.52924695 -0.00818285  0.35893442]
2020-07-20 13:54:46,659 - pyswarms.single.global_best - INFO - Optimize for 100 iters with {'c1': 0.5, 'c2': 0.3, 'w': 0.9}
2020-07-20 13:57:46,661 - pyswarms.single.global_best - INFO - Optimization finished | best cost: -143642.45861211792, best pos: [ 0.84651114 -0.64163196 -0.21452569 -0.93116     0.40246121  0.26803553
 -0.28824339  0.69536947  0.74150002  0.82724258 -0.86830983  0.97369413
 -0.74346256 -0.47293577 -0.39180032  0.42890166 -0.89500911  0.44942417
 -0.85415701  0.22527913 -0.15635081  0.375146    0.62459178  0.34314014
 -0.99667214  0.36780116  0.16874158 -0.43891651 -0.47276149 -0.46921238
 -0.75728829  0.68253062  0.20892745 -0.05304022  0.94442386  0.54982585
 -0.03222287 -0.66854854 -0.10329438  0.55766607  0.89965848  0.35819756
  0.12944749  0.52185971  0.3322154  -0.4547879  -0.94137494  0.61972385
 -0.68029778  0.43671189  0.25786434 -0.55337705  0.25522231  0.84883959
  0.23225276  0.39454161 -0.85069048 -0.9269405  -0.62562535  0.51387096
  0.66400391  0.36212739 -0.5427258  -0.24142855  0.99990556  0.04107546
 -0.53502996  0.25948768  0.12973639 -0.00570411  0.44987385 -0.9415137
  0.17858493 -0.0134411   0.51841972 -0.10348     0.27737476  0.90404095
 -0.33503263 -0.49850905  0.50926607 -0.15140933  0.0735136  -0.67037939
 -0.92962135 -0.23961495  0.16842478 -0.54933499 -0.8181004  -0.36029889
  0.19426004  0.2154097  -0.08977612 -0.33516126 -0.77705948  0.98672975
 -0.26726583 -0.99807516  0.27698501 -0.35500591 -0.29848592 -0.84504446
 -0.21086932 -0.72811651  0.41203677]
2020-07-20 13:58:02,264 - pyswarms.single.global_best - INFO - Optimize for 100 iters with {'c1': 0.5, 'c2': 0.3, 'w': 0.9}
2020-07-20 14:01:44,423 - pyswarms.single.global_best - INFO - Optimization finished | best cost: -143642.45861211792, best pos: [ 0.84651114 -0.64163196 -0.21452569 -0.93116     0.40246121  0.26803553
 -0.28824339  0.69536947  0.74150002  0.82724258 -0.86830983  0.97369413
 -0.74346256 -0.47293577 -0.39180032  0.42890166 -0.89500911  0.44942417
 -0.85415701  0.22527913 -0.15635081  0.375146    0.62459178  0.34314014
 -0.99667214  0.36780116  0.16874158 -0.43891651 -0.47276149 -0.46921238
 -0.75728829  0.68253062  0.20892745 -0.05304022  0.94442386  0.54982585
 -0.03222287 -0.66854854 -0.10329438  0.55766607  0.89965848  0.35819756
  0.12944749  0.52185971  0.3322154  -0.4547879  -0.94137494  0.61972385
 -0.68029778  0.43671189  0.25786434 -0.55337705  0.25522231  0.84883959
  0.23225276  0.39454161 -0.85069048 -0.9269405  -0.62562535  0.51387096
  0.66400391  0.36212739 -0.5427258  -0.24142855  0.99990556  0.04107546
 -0.53502996  0.25948768  0.12973639 -0.00570411  0.44987385 -0.9415137
  0.17858493 -0.0134411   0.51841972 -0.10348     0.27737476  0.90404095
 -0.33503263 -0.49850905  0.50926607 -0.15140933  0.0735136  -0.67037939
 -0.92962135 -0.23961495  0.16842478 -0.54933499 -0.8181004  -0.36029889
  0.19426004  0.2154097  -0.08977612 -0.33516126 -0.77705948  0.98672975
 -0.26726583 -0.99807516  0.27698501 -0.35500591 -0.29848592 -0.84504446
 -0.21086932 -0.72811651  0.41203677]
2020-07-20 14:02:50,957 - pyswarms.single.global_best - INFO - Optimize for 2 iters with {'c1': 0.5, 'c2': 0.3, 'w': 0.9}
2020-07-20 14:02:54,018 - pyswarms.single.global_best - INFO - Optimization finished | best cost: -138938.50811246637, best pos: [-2.20863332e-01 -9.06309688e-01  1.01753752e-01 -5.39762101e-01
 -5.90866900e-01  3.15252955e-01  4.34170727e-01  2.02527847e-01
 -4.49292125e-01  7.67320168e-01 -7.78281690e-01  8.74182561e-01
 -6.68006404e-02 -8.75240165e-01  8.73076372e-01  6.73728350e-01
  8.49107643e-01 -9.33833340e-02 -5.23915134e-01  1.09341315e-01
  1.73146965e-01 -7.82632789e-01  9.65276232e-01  5.57426569e-01
  7.54448309e-01  4.80468565e-01 -5.93913248e-01  9.78989583e-01
  3.15642410e-01 -6.59795839e-01  3.21166592e-01 -3.28303855e-01
  6.87425270e-01 -6.97223859e-01  7.60814061e-01  4.52601327e-01
 -2.31252290e-01  8.27972633e-05  1.41801287e-02 -6.78860804e-01
 -2.52672583e-01  7.24393255e-01  3.26540547e-01  1.91039423e-01
  5.58078535e-01 -8.43742332e-01  2.02374804e-01  1.59989910e-01
 -7.64471864e-01 -2.14692378e-01  6.62626728e-01 -6.67560155e-01
 -7.82838901e-03 -9.86045439e-01 -6.90695973e-02  9.18504054e-01
  2.47847740e-01  8.73900315e-01  8.71272723e-02  1.96777590e-01
 -7.31001509e-02  3.84778329e-01  3.11342883e-01  5.37027164e-02
  7.81016959e-01  2.08900120e-01  1.88589243e-01 -3.72780987e-01
  8.75557744e-02 -5.14686143e-01 -7.96739105e-01 -9.52098233e-01
  7.82102215e-02  8.67561870e-01  4.46095969e-01 -4.11612576e-01
 -5.71476600e-01  7.47218862e-01 -5.88474413e-01  9.06619610e-01
  4.04834503e-01  5.05736177e-01 -9.78470429e-01 -8.10121422e-01
  7.26454606e-01 -1.58384148e-01  2.95425053e-01 -8.01850460e-01
 -5.72711582e-01 -6.65544169e-01  3.48868592e-03 -7.13124514e-02
 -6.36550429e-01 -7.38550218e-01  8.15757984e-01  6.47692630e-01
  2.06755969e-02  3.49631251e-01  8.29098122e-01 -6.88103169e-01
 -9.01704522e-02 -4.75257730e-01  8.22522388e-01  9.32703928e-01
  2.59261396e-01]
2020-07-20 14:03:42,436 - pyswarms.single.global_best - INFO - Optimize for 2 iters with {'c1': 0.5, 'c2': 0.3, 'w': 0.9}
2020-07-20 14:03:45,555 - pyswarms.single.global_best - INFO - Optimization finished | best cost: -138938.50811246637, best pos: [-2.20863332e-01 -9.06309688e-01  1.01753752e-01 -5.39762101e-01
 -5.90866900e-01  3.15252955e-01  4.34170727e-01  2.02527847e-01
 -4.49292125e-01  7.67320168e-01 -7.78281690e-01  8.74182561e-01
 -6.68006404e-02 -8.75240165e-01  8.73076372e-01  6.73728350e-01
  8.49107643e-01 -9.33833340e-02 -5.23915134e-01  1.09341315e-01
  1.73146965e-01 -7.82632789e-01  9.65276232e-01  5.57426569e-01
  7.54448309e-01  4.80468565e-01 -5.93913248e-01  9.78989583e-01
  3.15642410e-01 -6.59795839e-01  3.21166592e-01 -3.28303855e-01
  6.87425270e-01 -6.97223859e-01  7.60814061e-01  4.52601327e-01
 -2.31252290e-01  8.27972633e-05  1.41801287e-02 -6.78860804e-01
 -2.52672583e-01  7.24393255e-01  3.26540547e-01  1.91039423e-01
  5.58078535e-01 -8.43742332e-01  2.02374804e-01  1.59989910e-01
 -7.64471864e-01 -2.14692378e-01  6.62626728e-01 -6.67560155e-01
 -7.82838901e-03 -9.86045439e-01 -6.90695973e-02  9.18504054e-01
  2.47847740e-01  8.73900315e-01  8.71272723e-02  1.96777590e-01
 -7.31001509e-02  3.84778329e-01  3.11342883e-01  5.37027164e-02
  7.81016959e-01  2.08900120e-01  1.88589243e-01 -3.72780987e-01
  8.75557744e-02 -5.14686143e-01 -7.96739105e-01 -9.52098233e-01
  7.82102215e-02  8.67561870e-01  4.46095969e-01 -4.11612576e-01
 -5.71476600e-01  7.47218862e-01 -5.88474413e-01  9.06619610e-01
  4.04834503e-01  5.05736177e-01 -9.78470429e-01 -8.10121422e-01
  7.26454606e-01 -1.58384148e-01  2.95425053e-01 -8.01850460e-01
 -5.72711582e-01 -6.65544169e-01  3.48868592e-03 -7.13124514e-02
 -6.36550429e-01 -7.38550218e-01  8.15757984e-01  6.47692630e-01
  2.06755969e-02  3.49631251e-01  8.29098122e-01 -6.88103169e-01
 -9.01704522e-02 -4.75257730e-01  8.22522388e-01  9.32703928e-01
  2.59261396e-01]
2020-07-20 14:04:31,367 - pyswarms.single.global_best - INFO - Optimize for 2 iters with {'c1': 0.5, 'c2': 0.3, 'w': 0.9}
2020-07-20 14:04:34,502 - pyswarms.single.global_best - INFO - Optimization finished | best cost: -138938.50811246637, best pos: [-2.20863332e-01 -9.06309688e-01  1.01753752e-01 -5.39762101e-01
 -5.90866900e-01  3.15252955e-01  4.34170727e-01  2.02527847e-01
 -4.49292125e-01  7.67320168e-01 -7.78281690e-01  8.74182561e-01
 -6.68006404e-02 -8.75240165e-01  8.73076372e-01  6.73728350e-01
  8.49107643e-01 -9.33833340e-02 -5.23915134e-01  1.09341315e-01
  1.73146965e-01 -7.82632789e-01  9.65276232e-01  5.57426569e-01
  7.54448309e-01  4.80468565e-01 -5.93913248e-01  9.78989583e-01
  3.15642410e-01 -6.59795839e-01  3.21166592e-01 -3.28303855e-01
  6.87425270e-01 -6.97223859e-01  7.60814061e-01  4.52601327e-01
 -2.31252290e-01  8.27972633e-05  1.41801287e-02 -6.78860804e-01
 -2.52672583e-01  7.24393255e-01  3.26540547e-01  1.91039423e-01
  5.58078535e-01 -8.43742332e-01  2.02374804e-01  1.59989910e-01
 -7.64471864e-01 -2.14692378e-01  6.62626728e-01 -6.67560155e-01
 -7.82838901e-03 -9.86045439e-01 -6.90695973e-02  9.18504054e-01
  2.47847740e-01  8.73900315e-01  8.71272723e-02  1.96777590e-01
 -7.31001509e-02  3.84778329e-01  3.11342883e-01  5.37027164e-02
  7.81016959e-01  2.08900120e-01  1.88589243e-01 -3.72780987e-01
  8.75557744e-02 -5.14686143e-01 -7.96739105e-01 -9.52098233e-01
  7.82102215e-02  8.67561870e-01  4.46095969e-01 -4.11612576e-01
 -5.71476600e-01  7.47218862e-01 -5.88474413e-01  9.06619610e-01
  4.04834503e-01  5.05736177e-01 -9.78470429e-01 -8.10121422e-01
  7.26454606e-01 -1.58384148e-01  2.95425053e-01 -8.01850460e-01
 -5.72711582e-01 -6.65544169e-01  3.48868592e-03 -7.13124514e-02
 -6.36550429e-01 -7.38550218e-01  8.15757984e-01  6.47692630e-01
  2.06755969e-02  3.49631251e-01  8.29098122e-01 -6.88103169e-01
 -9.01704522e-02 -4.75257730e-01  8.22522388e-01  9.32703928e-01
  2.59261396e-01]
2020-07-20 14:07:46,115 - pyswarms.single.global_best - INFO - Optimize for 2 iters with {'c1': 0.5, 'c2': 0.3, 'w': 0.9}
2020-07-20 14:07:49,191 - pyswarms.single.global_best - INFO - Optimization finished | best cost: -162369.72799550448, best pos: [ 0.07848809  0.48878215 -0.77631313  0.57134253  0.08831722 -0.97895093
  0.17819579  0.60934046  0.98188613  0.98261924 -0.1720992  -0.92532999
  0.94082426 -0.55892063  0.91002315  0.93074561 -0.3433266   0.52551394
  0.26384362  0.6928615   0.90879791 -0.58839172 -0.18131105  0.45711411
  0.17983798  0.88239194 -0.10622523  0.23516756 -0.83502353 -0.539174
 -0.75602662  0.53337875 -0.96146309  0.88199651  0.67177908  0.35801885
 -0.94269972 -0.4842045  -0.72743613  0.42139748 -0.86106817  0.77977624
  0.10873997 -0.79322186 -0.0789489  -0.71602983 -0.15371252  0.42774632
  0.39258721 -0.30370155 -0.30248143 -0.84775086 -0.82497465 -0.90023787
 -0.85104768 -0.22982117  0.63274276 -0.3176458   0.01223641  0.24697435
  0.17057683 -0.73224974  0.23882833  0.0447128   0.50295626  0.35135617
 -0.04208427  0.91226813 -0.47816698  0.42129453 -0.59671616  0.32723611
 -0.50096855 -0.58750514 -0.25965691  0.01771337  0.36185131 -0.38080948
 -0.23532659  0.52185687 -0.33993849 -0.87240119 -0.90779109 -0.73014927
 -0.0609685  -0.2317918   0.35039689 -0.80921082 -0.67639025  0.93828784
 -0.15102993  0.83210609 -0.53130857  0.96509489 -0.74702348  0.55984576
  0.96126334 -0.02594747 -0.02022878 -0.6497081   0.21788228 -0.51423592
  0.43359432 -0.05186729 -0.53522369]
2020-07-20 14:08:36,648 - pyswarms.single.global_best - INFO - Optimize for 2 iters with {'c1': 0.5, 'c2': 0.3, 'w': 0.9}
2020-07-20 14:08:39,884 - pyswarms.single.global_best - INFO - Optimization finished | best cost: -138258.93175442392, best pos: [0.30127966 0.07089998 0.67418683 0.10597669 0.24995461 0.09360174
 0.95852043 0.12408077 0.47937714 0.51855568 0.63039487 0.79399693
 0.08812356 0.45696    0.02654847 0.98708571 0.0641374  0.87667278
 0.36119418 0.86109258 0.16255866 0.73337413 0.21174677 0.24863659
 0.31796102 0.14161263 0.75279229 0.78232268 0.8982694  0.84050375
 0.79274006 0.86186712 0.67187139 0.9533183  0.11158856 0.23709639
 0.63633156 0.66578012 0.78029485 0.31787768 0.92119797 0.83572117
 0.82467474 0.11005668 0.75904398 0.47057205 0.34512783 0.45117476
 0.02382105 0.0887381  0.05554722 0.96194631 0.05043871 0.6368407
 0.50043986 0.8237091  0.91402622 0.54031953 0.20157009 0.58185903
 0.84313348 0.05184129 0.62149388 0.86101762 0.41736236 0.83850948
 0.25282832 0.54978082 0.37613215 0.44405566 0.87068004 0.83551631
 0.25702059 0.98886899 0.85860693 0.88820687 0.76935607 0.87837539
 0.55685798 0.0435611  0.63746729 0.26576144 0.07629479 0.5182035
 0.35358291 0.35794794 0.78409888 0.84098468 0.70029815 0.78108645
 0.63009411 0.44560724 0.36515849 0.10607581 0.85499035 0.55761053
 0.39951079 0.28778866 0.53731835 0.65911704 0.21245572 0.62177428
 0.01164542 0.35134932 0.78227026]
2020-07-20 17:56:51,898 - pyswarms.single.global_best - INFO - Optimize for 200 iters with {'c1': 0.5, 'c2': 0.3, 'w': 0.9}
2020-07-20 18:00:03,688 - pyswarms.single.global_best - INFO - Optimize for 10 iters with {'c1': 0.5, 'c2': 0.3, 'w': 0.9}
2020-07-20 18:00:19,130 - pyswarms.single.global_best - INFO - Optimization finished | best cost: -140711.66031598725, best pos: [0.45478415 0.10247565 0.80270537 0.62114079 0.35710397 0.22543127
 0.16506758 0.50372195 0.39188241 0.41928547 0.89396786 0.03193561
 0.19721099 0.6336204  0.14303914 0.64599631 0.83971422 0.51095378
 0.98532351 0.21175718 0.53319557 0.43377394 0.4245889  0.49253875
 0.76906194 0.93592442 0.36631288 0.45448662 0.55853594 0.26169733
 0.76671248 0.18183372 0.53124216 0.71964107 0.37863298 0.36269488
 0.2269677  0.82342813 0.40810957 0.16084143 0.15191818 0.64163904
 0.24550878 0.17480697 0.68081613 0.17900695 0.69442018 0.93288917
 0.56340855 0.08975797 0.1766959  0.3251342  0.44760402 0.42177664
 0.41259475 0.65802244 0.22033608 0.97035629 0.19166795 0.54169777
 0.72410198 0.89904765 0.51542175 0.20224701 0.92313016 0.34488404
 0.327351   0.21277468 0.02765947 0.86213547 0.8064578  0.33787858
 0.21138091 0.56112741 0.61825683 0.05527042 0.57450532 0.41953099
 0.40486667 0.6440967  0.35152848 0.11198312 0.61816958 0.55236988
 0.91441216 0.34542919 0.86201838 0.06444945 0.00682899 0.37732964
 0.81074121 0.87499156 0.41181942 0.55052888 0.24554114 0.19876642
 0.5803515  0.35593101 0.4790822  0.09127652 0.77352346 0.50033249
 0.27144961 0.68541079 0.00628788]
2020-07-20 18:01:31,094 - pyswarms.single.global_best - INFO - Optimize for 10 iters with {'c1': 0.5, 'c2': 0.3, 'w': 0.9}
2020-07-20 18:01:47,811 - pyswarms.single.global_best - INFO - Optimization finished | best cost: -140711.66031598725, best pos: [0.45478415 0.10247565 0.80270537 0.62114079 0.35710397 0.22543127
 0.16506758 0.50372195 0.39188241 0.41928547 0.89396786 0.03193561
 0.19721099 0.6336204  0.14303914 0.64599631 0.83971422 0.51095378
 0.98532351 0.21175718 0.53319557 0.43377394 0.4245889  0.49253875
 0.76906194 0.93592442 0.36631288 0.45448662 0.55853594 0.26169733
 0.76671248 0.18183372 0.53124216 0.71964107 0.37863298 0.36269488
 0.2269677  0.82342813 0.40810957 0.16084143 0.15191818 0.64163904
 0.24550878 0.17480697 0.68081613 0.17900695 0.69442018 0.93288917
 0.56340855 0.08975797 0.1766959  0.3251342  0.44760402 0.42177664
 0.41259475 0.65802244 0.22033608 0.97035629 0.19166795 0.54169777
 0.72410198 0.89904765 0.51542175 0.20224701 0.92313016 0.34488404
 0.327351   0.21277468 0.02765947 0.86213547 0.8064578  0.33787858
 0.21138091 0.56112741 0.61825683 0.05527042 0.57450532 0.41953099
 0.40486667 0.6440967  0.35152848 0.11198312 0.61816958 0.55236988
 0.91441216 0.34542919 0.86201838 0.06444945 0.00682899 0.37732964
 0.81074121 0.87499156 0.41181942 0.55052888 0.24554114 0.19876642
 0.5803515  0.35593101 0.4790822  0.09127652 0.77352346 0.50033249
 0.27144961 0.68541079 0.00628788]
2020-07-20 18:01:48,738 - matplotlib.backends._backend_tk - INFO - Could not load matplotlib icon: can't use "pyimage10" as iconphoto: not a photo image
2020-07-20 18:08:54,169 - pyswarms.single.global_best - INFO - Optimize for 10 iters with {'c1': 0.5, 'c2': 0.3, 'w': 0.9}
2020-07-20 18:09:09,525 - pyswarms.single.global_best - INFO - Optimization finished | best cost: -140711.66031598725, best pos: [0.45478415 0.10247565 0.80270537 0.62114079 0.35710397 0.22543127
 0.16506758 0.50372195 0.39188241 0.41928547 0.89396786 0.03193561
 0.19721099 0.6336204  0.14303914 0.64599631 0.83971422 0.51095378
 0.98532351 0.21175718 0.53319557 0.43377394 0.4245889  0.49253875
 0.76906194 0.93592442 0.36631288 0.45448662 0.55853594 0.26169733
 0.76671248 0.18183372 0.53124216 0.71964107 0.37863298 0.36269488
 0.2269677  0.82342813 0.40810957 0.16084143 0.15191818 0.64163904
 0.24550878 0.17480697 0.68081613 0.17900695 0.69442018 0.93288917
 0.56340855 0.08975797 0.1766959  0.3251342  0.44760402 0.42177664
 0.41259475 0.65802244 0.22033608 0.97035629 0.19166795 0.54169777
 0.72410198 0.89904765 0.51542175 0.20224701 0.92313016 0.34488404
 0.327351   0.21277468 0.02765947 0.86213547 0.8064578  0.33787858
 0.21138091 0.56112741 0.61825683 0.05527042 0.57450532 0.41953099
 0.40486667 0.6440967  0.35152848 0.11198312 0.61816958 0.55236988
 0.91441216 0.34542919 0.86201838 0.06444945 0.00682899 0.37732964
 0.81074121 0.87499156 0.41181942 0.55052888 0.24554114 0.19876642
 0.5803515  0.35593101 0.4790822  0.09127652 0.77352346 0.50033249
 0.27144961 0.68541079 0.00628788]
2020-07-20 18:09:10,251 - matplotlib.backends._backend_tk - INFO - Could not load matplotlib icon: can't use "pyimage10" as iconphoto: not a photo image
2020-07-20 18:11:17,324 - pyswarms.single.global_best - INFO - Optimize for 10 iters with {'c1': 0.5, 'c2': 0.3, 'w': 0.9}
2020-07-20 18:11:33,840 - pyswarms.single.global_best - INFO - Optimization finished | best cost: -140711.66031598725, best pos: [0.45478415 0.10247565 0.80270537 0.62114079 0.35710397 0.22543127
 0.16506758 0.50372195 0.39188241 0.41928547 0.89396786 0.03193561
 0.19721099 0.6336204  0.14303914 0.64599631 0.83971422 0.51095378
 0.98532351 0.21175718 0.53319557 0.43377394 0.4245889  0.49253875
 0.76906194 0.93592442 0.36631288 0.45448662 0.55853594 0.26169733
 0.76671248 0.18183372 0.53124216 0.71964107 0.37863298 0.36269488
 0.2269677  0.82342813 0.40810957 0.16084143 0.15191818 0.64163904
 0.24550878 0.17480697 0.68081613 0.17900695 0.69442018 0.93288917
 0.56340855 0.08975797 0.1766959  0.3251342  0.44760402 0.42177664
 0.41259475 0.65802244 0.22033608 0.97035629 0.19166795 0.54169777
 0.72410198 0.89904765 0.51542175 0.20224701 0.92313016 0.34488404
 0.327351   0.21277468 0.02765947 0.86213547 0.8064578  0.33787858
 0.21138091 0.56112741 0.61825683 0.05527042 0.57450532 0.41953099
 0.40486667 0.6440967  0.35152848 0.11198312 0.61816958 0.55236988
 0.91441216 0.34542919 0.86201838 0.06444945 0.00682899 0.37732964
 0.81074121 0.87499156 0.41181942 0.55052888 0.24554114 0.19876642
 0.5803515  0.35593101 0.4790822  0.09127652 0.77352346 0.50033249
 0.27144961 0.68541079 0.00628788]
2020-07-20 18:11:34,734 - matplotlib.backends._backend_tk - INFO - Could not load matplotlib icon: can't use "pyimage10" as iconphoto: not a photo image
2020-07-20 18:13:34,708 - pyswarms.single.global_best - INFO - Optimize for 10 iters with {'c1': 0.5, 'c2': 0.3, 'w': 0.9}
2020-07-20 18:13:50,846 - pyswarms.single.global_best - INFO - Optimization finished | best cost: -141648.06828903838, best pos: [0.60685176 0.94926181 0.44131179 0.50868953 0.23057835 0.50805939
 0.93456451 0.75992638 0.54240032 0.73900556 0.53504736 0.9212057
 0.95742253 0.13166814 0.60978783 0.21076017 0.20053405 0.26000575
 0.1428636  0.99654954 0.49444939 0.03359711 0.16375207 0.51499381
 0.4237843  0.57618116 0.19334884 0.91692521 0.85394756 0.9081251
 0.91981815 0.7326732  0.72684448 0.7191904  0.73715873 0.87271325
 0.72772191 0.63137812 0.74778819 0.58058472 0.56194452 0.73011997
 0.44709225 0.79001978 0.26040238 0.18144915 0.87695471 0.93206732
 0.03417546 0.56061273 0.84470268 0.32853023 0.57369467 0.69941584
 0.84965883 0.02216181 0.51401212 0.85829731 0.29966868 0.28146947
 0.79260178 0.90306621 0.40825503 0.87433386 0.4753169  0.08514791
 0.80176384 0.38505607 0.10669723 0.76927724 0.94876739 0.13923894
 0.41112727 0.03004805 0.79191368 0.0999899  0.94509824 0.74867449
 0.81177804 0.70275935 0.47848159 0.12186668 0.77978316 0.46418934
 0.54544319 0.44922634 0.78246808 0.71618781 0.23964822 0.30195092
 0.84764787 0.08205579 0.26629137 0.19983382 0.16896019 0.45644396
 0.33175528 0.84326338 0.56910979 0.12599515 0.78798793 0.52835493
 0.55092531 0.91394461 0.61844747]
2020-07-20 18:13:51,493 - matplotlib.backends._backend_tk - INFO - Could not load matplotlib icon: can't use "pyimage10" as iconphoto: not a photo image
